Warning: Design 'cv32e40p_top' has '4' unresolved references. For more detailed information, use the "link" command. (UID-341)
 
****************************************
Report : area
Design : cv32e40p_top
Version: T-2022.03-SP3
Date   : Sat May 24 22:04:17 2025
****************************************

Library(s) Used:

    saed32lvt_tt0p78v25c (File: /usr/local/synopsys/pdk/SAED32_EDK/lib/stdcell_lvt/db_ccs/saed32lvt_tt0p78v25c.db)

Number of ports:                         6497
Number of nets:                         19148
Number of cells:                        11843
Number of combinational cells:          10571
Number of sequential cells:               779
Number of macros/black boxes:               0
Number of buf/inv:                        987
Number of references:                       1

Combinational area:              29042.051469
Buf/Inv area:                     1281.902344
Noncombinational area:            5514.924896
Macro/Black Box area:                0.000000
Net Interconnect area:           13931.538354

Total cell area:                 34556.976365
Total area:                      48488.514719

Information: This design contains black box (unknown) components. (RPT-8)
1
