Warning: Design 'cv32e40p_tb_wrapper' has '3' unresolved references. For more detailed information, use the "link" command. (UID-341)
 
****************************************
Report : area
Design : cv32e40p_tb_wrapper
Version: T-2022.03-SP3
Date   : Sat May 24 15:16:11 2025
****************************************

Library(s) Used:

    saed32hvt_tt0p78v25c (File: /usr/local/synopsys/pdk/SAED32_EDK/lib/stdcell_hvt/db_ccs/saed32hvt_tt0p78v25c.db)

Number of ports:                         6880
Number of nets:                         20568
Number of cells:                        13161
Number of combinational cells:          11871
Number of sequential cells:               779
Number of macros/black boxes:               0
Number of buf/inv:                       1508
Number of references:                       1

Combinational area:              31960.387034
Buf/Inv area:                     2015.361931
Noncombinational area:            5521.278496
Macro/Black Box area:                0.000000
Net Interconnect area:           15526.622705

Total cell area:                 37481.665530
Total area:                      53008.288234

Information: This design contains black box (unknown) components. (RPT-8)
1
