Warning: Design 'cv32e40p_top' has '4' unresolved references. For more detailed information, use the "link" command. (UID-341)
Information: Changed wire load model for 'cv32e40p_cs_registers' from '16000' to '8000'. (OPT-170)
Information: Changed wire load model for 'cv32e40p_core' from '70000' to '35000'. (OPT-170)
Information: Changed wire load model for 'cv32e40p_top' from '70000' to '35000'. (OPT-170)
Information: Updating design information... (UID-85)
 
****************************************
Report : timing
        -path full
        -delay max
        -max_paths 1
Design : cv32e40p_top
Version: T-2022.03-SP3
Date   : Sat May 24 22:14:28 2025
****************************************

Operating Conditions: tt0p78v25c   Library: saed32hvt_tt0p78v25c
Wire Load Model Mode: enclosed

  Startpoint: core_i/sleep_unit_i/fetch_enable_q_reg
              (rising edge-triggered flip-flop clocked by clk_i)
  Endpoint: core_i/sleep_unit_i/fetch_enable_q_reg
            (rising edge-triggered flip-flop clocked by clk_i)
  Path Group: clk_i
  Path Type: max

  Des/Clust/Port     Wire Load Model       Library
  ------------------------------------------------
  cv32e40p_top       35000                 saed32hvt_tt0p78v25c
  cv32e40p_sleep_unit
                     ForQA                 saed32hvt_tt0p78v25c

  Point                                                   Incr       Path
  --------------------------------------------------------------------------
  clock clk_i (rise edge)                                 0.00       0.00
  clock network delay (ideal)                             0.00       0.00
  core_i/sleep_unit_i/fetch_enable_q_reg/CLK (DFFARX1_HVT)
                                                          0.00       0.00 r
  core_i/sleep_unit_i/fetch_enable_q_reg/QN (DFFARX1_HVT)
                                                          0.23       0.23 r
  core_i/sleep_unit_i/U3/Y (NAND2X0_HVT)                  0.11       0.34 f
  core_i/sleep_unit_i/fetch_enable_q_reg/D (DFFARX1_HVT)
                                                          0.01       0.35 f
  data arrival time                                                  0.35

  clock clk_i (rise edge)                                 2.00       2.00
  clock network delay (ideal)                             0.00       2.00
  clock uncertainty                                      -0.20       1.80
  core_i/sleep_unit_i/fetch_enable_q_reg/CLK (DFFARX1_HVT)
                                                          0.00       1.80 r
  library setup time                                     -0.14       1.66
  data required time                                                 1.66
  --------------------------------------------------------------------------
  data required time                                                 1.66
  data arrival time                                                 -0.35
  --------------------------------------------------------------------------
  slack (MET)                                                        1.30


1
