****************************************
Report : Switching Activity
	-list_not_annotated
Design : cv32e40p_top
Version: T-2022.03-SP3
Date   : Sun May 25 21:56:33 2025
****************************************

 Switching Activity Overview Statistics for "cv32e40p_top"
----------------------------------------------------------------------------------------------------------------------------------------------------------------------------------------------
                  From Activity     From         From         From             From            From                                                            Not
Object Type       File (%)          SSA (%)      SSA Force (%) SSA Force (%)   SCA (%)         Clock (%)       Default (%)     Propagated(%)   Implied(%)      Annotated(%)  Total
                                                 Annotated    Implied                                                                                                        
----------------------------------------------------------------------------------------------------------------------------------------------------------------------------------------------
 Nets             0(0.00%)          0(0.00%)     0(0.00%)     0(0.00%)         0(0.00%)        0(0.00%)        0(0.00%)        0(0.00%)        0(0.00%)        496(100.00%)  496
----------------------------------------------------------------------------------------------------------------------------------------------------------------------------------------------
Nets Driven by
----------------------------------------------------------------------------------------------------------------------------------------------------------------------------------------------
Primary Input     0(0.00%)          0(0.00%)     0(0.00%)     0(0.00%)         0(0.00%)        0(0.00%)        0(0.00%)        0(0.00%)        0(0.00%)        266(100.00%)  266
Tri-State         0(0%)             0(0%)        0(0%)        0(0%)            0(0%)           0(0%)           0(0%)           0(0%)           0(0%)           0(0%)         0
Black Box         0(0%)             0(0%)        0(0%)        0(0%)            0(0%)           0(0%)           0(0%)           0(0%)           0(0%)           0(0%)         0
Sequential        0(0%)             0(0%)        0(0%)        0(0%)            0(0%)           0(0%)           0(0%)           0(0%)           0(0%)           0(0%)         0
Combinational     0(0.00%)          0(0.00%)     0(0.00%)     0(0.00%)         0(0.00%)        0(0.00%)        0(0.00%)        0(0.00%)        0(0.00%)        230(100.00%)  230
Memory            0(0%)             0(0%)        0(0%)        0(0%)            0(0%)           0(0%)           0(0%)           0(0%)           0(0%)           0(0%)         0
Clock Gate        0(0%)             0(0%)        0(0%)        0(0%)            0(0%)           0(0%)           0(0%)           0(0%)           0(0%)           0(0%)         0
----------------------------------------------------------------------------------------------------------------------------------------------------------------------------------------------
 Static Probability Overview Statistics for "cv32e40p_top"
----------------------------------------------------------------------------------------------------------------------------------------------------------------------------------------------
                  From Activity     From         From         From             From            From                                                            Not
Object Type       File (%)          SSA (%)      SSA Force (%) SSA Force (%)   SCA (%)         Clock (%)       Default (%)     Propagated(%)   Implied(%)      Annotated(%)  Total
                                                 Annotated    Implied                                                                                                        
----------------------------------------------------------------------------------------------------------------------------------------------------------------------------------------------
 Nets             0(0.00%)          0(0.00%)     0(0.00%)     0(0.00%)         0(0.00%)        0(0.00%)        0(0.00%)        0(0.00%)        0(0.00%)        496(100.00%)  496
----------------------------------------------------------------------------------------------------------------------------------------------------------------------------------------------
Nets Driven by
----------------------------------------------------------------------------------------------------------------------------------------------------------------------------------------------
Primary Input     0(0.00%)          0(0.00%)     0(0.00%)     0(0.00%)         0(0.00%)        0(0.00%)        0(0.00%)        0(0.00%)        0(0.00%)        266(100.00%)  266
Tri-State         0(0%)             0(0%)        0(0%)        0(0%)            0(0%)           0(0%)           0(0%)           0(0%)           0(0%)           0(0%)         0
Black Box         0(0%)             0(0%)        0(0%)        0(0%)            0(0%)           0(0%)           0(0%)           0(0%)           0(0%)           0(0%)         0
Sequential        0(0%)             0(0%)        0(0%)        0(0%)            0(0%)           0(0%)           0(0%)           0(0%)           0(0%)           0(0%)         0
Combinational     0(0.00%)          0(0.00%)     0(0.00%)     0(0.00%)         0(0.00%)        0(0.00%)        0(0.00%)        0(0.00%)        0(0.00%)        230(100.00%)  230
Memory            0(0%)             0(0%)        0(0%)        0(0%)            0(0%)           0(0%)           0(0%)           0(0%)           0(0%)           0(0%)         0
Clock Gate        0(0%)             0(0%)        0(0%)        0(0%)            0(0%)           0(0%)           0(0%)           0(0%)           0(0%)           0(0%)         0
----------------------------------------------------------------------------------------------------------------------------------------------------------------------------------------------


List of nonannotated nets :
	SYNOPSYS_UNCONNECTED_10
	irq_i[25]
	instr_addr_o[25]
	hart_id_i[8]
	boot_addr_i[27]
	SYNOPSYS_UNCONNECTED_11
	instr_addr_o[24]
	irq_i[24]
	hart_id_i[7]
	boot_addr_i[26]
	SYNOPSYS_UNCONNECTED_12
	instr_addr_o[23]
	irq_i[23]
	boot_addr_i[25]
	hart_id_i[6]
	SYNOPSYS_UNCONNECTED_13
	instr_addr_o[22]
	hart_id_i[5]
	irq_i[22]
	boot_addr_i[24]
	irq_i[21]
	SYNOPSYS_UNCONNECTED_14
	hart_id_i[4]
	instr_addr_o[21]
	boot_addr_i[23]
	irq_i[20]
	SYNOPSYS_UNCONNECTED_15
	instr_addr_o[20]
	hart_id_i[3]
	SYNOPSYS_UNCONNECTED_16
	boot_addr_i[22]
	irq_i[19]
	instr_addr_o[19]
	hart_id_i[2]
	boot_addr_i[21]
	SYNOPSYS_UNCONNECTED_17
	hart_id_i[1]
	irq_i[18]
	instr_addr_o[18]
	boot_addr_i[20]
	SYNOPSYS_UNCONNECTED_18
	irq_i[17]
	instr_addr_o[17]
	hart_id_i[0]
	boot_addr_i[19]
	instr_addr_o[16]
	SYNOPSYS_UNCONNECTED_19
	irq_i[16]
	dm_exception_addr_i[31]
	SYNOPSYS_UNCONNECTED_20
	boot_addr_i[18]
	instr_addr_o[15]
	irq_i[15]
	boot_addr_i[17]
	dm_exception_addr_i[30]
	SYNOPSYS_UNCONNECTED_21
	instr_addr_o[14]
	dm_exception_addr_i[29]
	irq_i[14]
	boot_addr_i[16]
	SYNOPSYS_UNCONNECTED_22
	irq_i[13]
	instr_addr_o[13]
	dm_exception_addr_i[28]
	boot_addr_i[15]
	SYNOPSYS_UNCONNECTED_23
	irq_i[12]
	instr_addr_o[12]
	dm_exception_addr_i[27]
	SYNOPSYS_UNCONNECTED_24
	boot_addr_i[14]
	irq_i[11]
	instr_addr_o[11]
	boot_addr_i[13]
	dm_exception_addr_i[26]
	SYNOPSYS_UNCONNECTED_25
	irq_i[10]
	instr_addr_o[10]
	dm_exception_addr_i[25]
	boot_addr_i[12]
	SYNOPSYS_UNCONNECTED_26
	irq_i[9]
	instr_addr_o[9]
	dm_exception_addr_i[24]
	boot_addr_i[11]
	SYNOPSYS_UNCONNECTED_27
	irq_i[8]
	instr_addr_o[8]
	dm_exception_addr_i[23]
	SYNOPSYS_UNCONNECTED_28
	boot_addr_i[10]
	instr_addr_o[7]
	irq_i[7]
	dm_exception_addr_i[22]
	boot_addr_i[9]
	SYNOPSYS_UNCONNECTED_29
	instr_addr_o[6]
	dm_exception_addr_i[21]
	irq_i[6]
	boot_addr_i[8]
	SYNOPSYS_UNCONNECTED_30
	irq_i[5]
	instr_addr_o[5]
	dm_exception_addr_i[20]
	boot_addr_i[7]
	SYNOPSYS_UNCONNECTED_31
	instr_addr_o[4]
	irq_i[4]
	dm_exception_addr_i[19]
	SYNOPSYS_UNCONNECTED_32
	boot_addr_i[6]
	instr_addr_o[3]
	irq_i[3]
	boot_addr_i[5]
	dm_exception_addr_i[18]
	SYNOPSYS_UNCONNECTED_33
	instr_addr_o[2]
	dm_exception_addr_i[17]
	irq_i[2]
	boot_addr_i[4]
	SYNOPSYS_UNCONNECTED_34
	irq_i[1]
	instr_addr_o[1]
	dm_exception_addr_i[16]
	boot_addr_i[3]
	irq_i[0]
	SYNOPSYS_UNCONNECTED_35
	instr_addr_o[0]
	dm_exception_addr_i[15]
	SYNOPSYS_UNCONNECTED_36
	boot_addr_i[2]
	debug_req_i
	data_req_o
	dm_exception_addr_i[14]
	boot_addr_i[1]
	SYNOPSYS_UNCONNECTED_37
	dm_exception_addr_i[13]
	data_we_o
	fetch_enable_i
	boot_addr_i[0]
	SYNOPSYS_UNCONNECTED_38
	dm_exception_addr_i[12]
	data_be_o[3]
	mtvec_addr_i[31]
	SYNOPSYS_UNCONNECTED_39
	data_be_o[2]
	dm_exception_addr_i[11]
	SYNOPSYS_UNCONNECTED_40
	mtvec_addr_i[30]
	data_be_o[1]
	dm_exception_addr_i[10]
	mtvec_addr_i[29]
	SYNOPSYS_UNCONNECTED_41
	dm_exception_addr_i[9]
	data_be_o[0]
	mtvec_addr_i[28]
	SYNOPSYS_UNCONNECTED_42
	dm_exception_addr_i[8]
	data_addr_o[31]
	mtvec_addr_i[27]
	data_addr_o[30]
	SYNOPSYS_UNCONNECTED_43
	dm_exception_addr_i[7]
	SYNOPSYS_UNCONNECTED_44
	mtvec_addr_i[26]
	data_addr_o[29]
	mtvec_addr_i[25]
	dm_exception_addr_i[6]
	SYNOPSYS_UNCONNECTED_45
	data_addr_o[28]
	dm_exception_addr_i[5]
	mtvec_addr_i[24]
	SYNOPSYS_UNCONNECTED_46
	data_addr_o[27]
	dm_exception_addr_i[4]
	mtvec_addr_i[23]
	data_addr_o[26]
	SYNOPSYS_UNCONNECTED_47
	dm_exception_addr_i[3]
	mtvec_addr_i[22]
	SYNOPSYS_UNCONNECTED_48
	data_addr_o[25]
	mtvec_addr_i[21]
	dm_exception_addr_i[2]
	SYNOPSYS_UNCONNECTED_49
	data_addr_o[24]
	dm_exception_addr_i[1]
	mtvec_addr_i[20]
	SYNOPSYS_UNCONNECTED_50
	dm_exception_addr_i[0]
	data_addr_o[23]
	mtvec_addr_i[19]
	data_addr_o[22]
	SYNOPSYS_UNCONNECTED_51
	instr_gnt_i
	SYNOPSYS_UNCONNECTED_52
	mtvec_addr_i[18]
	data_addr_o[21]
	instr_rvalid_i
	mtvec_addr_i[17]
	SYNOPSYS_UNCONNECTED_53
	data_addr_o[20]
	instr_rdata_i[31]
	mtvec_addr_i[16]
	SYNOPSYS_UNCONNECTED_54
	data_addr_o[19]
	instr_rdata_i[30]
	mtvec_addr_i[15]
	data_addr_o[18]
	SYNOPSYS_UNCONNECTED_55
	instr_rdata_i[29]
	mtvec_addr_i[14]
	SYNOPSYS_UNCONNECTED_56
	data_addr_o[17]
	instr_rdata_i[28]
	mtvec_addr_i[13]
	SYNOPSYS_UNCONNECTED_57
	instr_rdata_i[27]
	data_addr_o[16]
	mtvec_addr_i[12]
	SYNOPSYS_UNCONNECTED_58
	instr_rdata_i[26]
	data_addr_o[15]
	mtvec_addr_i[11]
	data_addr_o[14]
	SYNOPSYS_UNCONNECTED_59
	instr_rdata_i[25]
	SYNOPSYS_UNCONNECTED_60
	mtvec_addr_i[10]
	data_addr_o[13]
	instr_rdata_i[24]
	mtvec_addr_i[9]
	SYNOPSYS_UNCONNECTED_61
	data_addr_o[12]
	instr_rdata_i[23]
	mtvec_addr_i[8]
	SYNOPSYS_UNCONNECTED_62
	data_addr_o[11]
	instr_rdata_i[22]
	mtvec_addr_i[7]
	data_addr_o[10]
	SYNOPSYS_UNCONNECTED_63
	instr_rdata_i[21]
	SYNOPSYS_UNCONNECTED_64
	mtvec_addr_i[6]
	data_addr_o[9]
	mtvec_addr_i[5]
	instr_rdata_i[20]
	SYNOPSYS_UNCONNECTED_65
	data_addr_o[8]
	instr_rdata_i[19]
	mtvec_addr_i[4]
	SYNOPSYS_UNCONNECTED_66
	instr_rdata_i[18]
	data_addr_o[7]
	mtvec_addr_i[3]
	data_addr_o[6]
	SYNOPSYS_UNCONNECTED_67
	instr_rdata_i[17]
	mtvec_addr_i[2]
	SYNOPSYS_UNCONNECTED_68
	data_addr_o[5]
	instr_rdata_i[16]
	mtvec_addr_i[1]
	SYNOPSYS_UNCONNECTED_69
	instr_rdata_i[15]
	data_addr_o[4]
	mtvec_addr_i[0]
	SYNOPSYS_UNCONNECTED_70
	data_addr_o[3]
	instr_rdata_i[14]
	dm_halt_addr_i[31]
	data_addr_o[2]
	SYNOPSYS_UNCONNECTED_71
	instr_rdata_i[13]
	SYNOPSYS_UNCONNECTED_72
	dm_halt_addr_i[30]
	data_addr_o[1]
	dm_halt_addr_i[29]
	instr_rdata_i[12]
	SYNOPSYS_UNCONNECTED_73
	instr_rdata_i[11]
	data_addr_o[0]
	dm_halt_addr_i[28]
	SYNOPSYS_UNCONNECTED_74
	instr_rdata_i[10]
	data_wdata_o[31]
	dm_halt_addr_i[27]
	SYNOPSYS_UNCONNECTED_75
	data_wdata_o[30]
	instr_rdata_i[9]
	SYNOPSYS_UNCONNECTED_76
	dm_halt_addr_i[26]
	data_wdata_o[29]
	dm_halt_addr_i[25]
	instr_rdata_i[8]
	SYNOPSYS_UNCONNECTED_77
	instr_rdata_i[7]
	data_wdata_o[28]
	dm_halt_addr_i[24]
	SYNOPSYS_UNCONNECTED_78
	instr_rdata_i[6]
	data_wdata_o[27]
	dm_halt_addr_i[23]
	data_wdata_o[26]
	SYNOPSYS_UNCONNECTED_79
	instr_rdata_i[5]
	dm_halt_addr_i[22]
	SYNOPSYS_UNCONNECTED_80
	data_wdata_o[25]
	instr_rdata_i[4]
	dm_halt_addr_i[21]
	SYNOPSYS_UNCONNECTED_81
	instr_rdata_i[3]
	data_wdata_o[24]
	dm_halt_addr_i[20]
	SYNOPSYS_UNCONNECTED_82
	instr_rdata_i[2]
	data_wdata_o[23]
	dm_halt_addr_i[19]
	data_wdata_o[22]
	SYNOPSYS_UNCONNECTED_83
	instr_rdata_i[1]
	SYNOPSYS_UNCONNECTED_84
	dm_halt_addr_i[18]
	data_wdata_o[21]
	dm_halt_addr_i[17]
	instr_rdata_i[0]
	SYNOPSYS_UNCONNECTED_85
	data_gnt_i
	data_wdata_o[20]
	dm_halt_addr_i[16]
	SYNOPSYS_UNCONNECTED_86
	data_wdata_o[19]
	data_rvalid_i
	dm_halt_addr_i[15]
	data_wdata_o[18]
	SYNOPSYS_UNCONNECTED_87
	data_rdata_i[31]
	dm_halt_addr_i[14]
	SYNOPSYS_UNCONNECTED_88
	data_wdata_o[17]
	dm_halt_addr_i[13]
	data_rdata_i[30]
	SYNOPSYS_UNCONNECTED_89
	data_wdata_o[16]
	data_rdata_i[29]
	dm_halt_addr_i[12]
	SYNOPSYS_UNCONNECTED_90
	data_wdata_o[15]
	data_rdata_i[28]
	dm_halt_addr_i[11]
	data_wdata_o[14]
	SYNOPSYS_UNCONNECTED_91
	data_rdata_i[27]
	SYNOPSYS_UNCONNECTED_92
	dm_halt_addr_i[10]
	data_wdata_o[13]
	data_rdata_i[26]
	dm_halt_addr_i[9]
	SYNOPSYS_UNCONNECTED_93
	data_rdata_i[25]
	data_wdata_o[12]
	dm_halt_addr_i[8]
	SYNOPSYS_UNCONNECTED_94
	data_rdata_i[24]
	data_wdata_o[11]
	dm_halt_addr_i[7]
	data_wdata_o[10]
	SYNOPSYS_UNCONNECTED_95
	data_rdata_i[23]
	SYNOPSYS_UNCONNECTED_96
	dm_halt_addr_i[6]
	data_wdata_o[9]
	data_rdata_i[22]
	dm_halt_addr_i[5]
	SYNOPSYS_UNCONNECTED_97
	data_wdata_o[8]
	data_rdata_i[21]
	dm_halt_addr_i[4]
	SYNOPSYS_UNCONNECTED_98
	data_wdata_o[7]
	data_rdata_i[20]
	dm_halt_addr_i[3]
	SYNOPSYS_UNCONNECTED_99
	data_wdata_o[6]
	data_rdata_i[19]
	SYNOPSYS_UNCONNECTED_100
	dm_halt_addr_i[2]
	data_wdata_o[5]
	dm_halt_addr_i[1]
	data_rdata_i[18]
	SYNOPSYS_UNCONNECTED_101
	data_wdata_o[4]
	data_rdata_i[17]
	dm_halt_addr_i[0]
	SYNOPSYS_UNCONNECTED_102
	data_rdata_i[16]
	data_wdata_o[3]
	hart_id_i[31]
	data_wdata_o[2]
	SYNOPSYS_UNCONNECTED_103
	data_rdata_i[15]
	SYNOPSYS_UNCONNECTED_104
	hart_id_i[30]
	data_wdata_o[1]
	hart_id_i[29]
	data_rdata_i[14]
	SYNOPSYS_UNCONNECTED_105
	data_wdata_o[0]
	data_rdata_i[13]
	hart_id_i[28]
	SYNOPSYS_UNCONNECTED_106
	irq_ack_o
	data_rdata_i[12]
	hart_id_i[27]
	irq_id_o[4]
	SYNOPSYS_UNCONNECTED_107
	data_rdata_i[11]
	SYNOPSYS_UNCONNECTED_108
	hart_id_i[26]
	irq_id_o[3]
	hart_id_i[25]
	data_rdata_i[10]
	SYNOPSYS_UNCONNECTED_109
	data_rdata_i[9]
	irq_id_o[2]
	hart_id_i[24]
	SYNOPSYS_UNCONNECTED_110
	data_rdata_i[8]
	irq_id_o[1]
	hart_id_i[23]
	SYNOPSYS_UNCONNECTED_111
	irq_id_o[0]
	data_rdata_i[7]
	SYNOPSYS_UNCONNECTED_112
	hart_id_i[22]
	debug_havereset_o
	data_rdata_i[6]
	hart_id_i[21]
	SYNOPSYS_UNCONNECTED_113
	debug_running_o
	data_rdata_i[5]
	hart_id_i[20]
	SYNOPSYS_UNCONNECTED_114
	debug_halted_o
	data_rdata_i[4]
	hart_id_i[19]
	SYNOPSYS_UNCONNECTED_115
	core_sleep_o
	data_rdata_i[3]
	SYNOPSYS_UNCONNECTED_116
	hart_id_i[18]
	SYNOPSYS_UNCONNECTED_1
	hart_id_i[17]
	data_rdata_i[2]
	SYNOPSYS_UNCONNECTED_117
	SYNOPSYS_UNCONNECTED_2
	data_rdata_i[1]
	hart_id_i[16]
	clk_i
	data_rdata_i[0]
	instr_req_o
	SYNOPSYS_UNCONNECTED_3
	hart_id_i[15]
	rst_ni
	SYNOPSYS_UNCONNECTED_4
	instr_addr_o[31]
	irq_i[31]
	pulp_clock_en_i
	hart_id_i[14]
	SYNOPSYS_UNCONNECTED_5
	irq_i[30]
	instr_addr_o[30]
	hart_id_i[13]
	scan_cg_en_i
	irq_i[29]
	SYNOPSYS_UNCONNECTED_6
	instr_addr_o[29]
	hart_id_i[12]
	boot_addr_i[31]
	irq_i[28]
	instr_addr_o[28]
	SYNOPSYS_UNCONNECTED_7
	hart_id_i[11]
	SYNOPSYS_UNCONNECTED_8
	boot_addr_i[30]
	instr_addr_o[27]
	irq_i[27]
	hart_id_i[10]
	boot_addr_i[29]
	SYNOPSYS_UNCONNECTED_9
	instr_addr_o[26]
	hart_id_i[9]
	irq_i[26]
	boot_addr_i[28]

496 nets with no annotation
1
