Warning: Design 'cv32e40p_top' has '4' unresolved references. For more detailed information, use the "link" command. (UID-341)
 
****************************************
Report : area
Design : cv32e40p_top
Version: T-2022.03-SP3
Date   : Sat May 24 21:54:57 2025
****************************************

Library(s) Used:

    saed32rvt_tt0p78v25c (File: /usr/local/synopsys/pdk/SAED32_EDK/lib/stdcell_rvt/db_ccs/saed32rvt_tt0p78v25c.db)

Number of ports:                         6497
Number of nets:                         19030
Number of cells:                        11746
Number of combinational cells:          10474
Number of sequential cells:               779
Number of macros/black boxes:               0
Number of buf/inv:                        953
Number of references:                       1

Combinational area:              29114.736721
Buf/Inv area:                     1238.697864
Noncombinational area:            5514.924896
Macro/Black Box area:                0.000000
Net Interconnect area:           13932.787586

Total cell area:                 34629.661617
Total area:                      48562.449203

Information: This design contains black box (unknown) components. (RPT-8)
1
